biit_fms/build/app/intermediates/manifest_merge_blame_file/debug/manifest-merger-blame-debug-report.txt
1<?xml version="1.0" encoding="utf-8"?>
2<manifest xmlns:android="http://schemas.android.com/apk/res/android"
3    package="com.example.biit_fms"
4    android:versionCode="1"
5    android:versionName="1.0.0" >
6
7    <uses-sdk
8        android:minSdkVersion="21"
9        android:targetSdkVersion="31" />
10    <!--
11         Flutter needs it to communicate with the running application
12         to allow setting breakpoints, to provide hot reload, etc.
13    -->
14    <uses-permission android:name="android.permission.INTERNET" />
14-->src\debug\AndroidManifest.xml:6:5-66
14-->src\debug\AndroidManifest.xml:6:22-64
15    <uses-permission android:name="android.permission.READ_EXTERNAL_STORAGE" />
15-->[:file_picker] AndroidManifest.xml:7:5-80
15-->[:file_picker] AndroidManifest.xml:7:22-77
16
17    <queries>
17-->[:file_picker] AndroidManifest.xml:9:5-15:15
18        <intent>
18-->[:file_picker] AndroidManifest.xml:10:9-14:18
19            <action android:name="android.intent.action.GET_CONTENT" />
19-->[:file_picker] AndroidManifest.xml:11:13-72
19-->[:file_picker] AndroidManifest.xml:11:21-69
20
21            <data android:mimeType="*/*" />
21-->[:file_picker] AndroidManifest.xml:13:13-44
21-->[:file_picker] AndroidManifest.xml:13:19-41
22        </intent>
23    </queries>
24
25    <uses-permission android:name="android.permission.CAMERA" />
25-->[:camera] AndroidManifest.xml:9:5-65
25-->[:camera] AndroidManifest.xml:9:22-62
26    <uses-permission android:name="android.permission.RECORD_AUDIO" />
26-->[:camera] AndroidManifest.xml:10:5-71
26-->[:camera] AndroidManifest.xml:10:22-68
27    <uses-permission android:name="android.permission.REQUEST_INSTALL_PACKAGES" />
27-->[:open_file] AndroidManifest.xml:8:5-83
27-->[:open_file] AndroidManifest.xml:8:22-80
28
29    <application
30        android:name="android.app.Application"
31        android:appComponentFactory="androidx.core.app.CoreComponentFactory"
31-->[androidx.core:core:1.6.0] AndroidManifest.xml:24:18-86
32        android:debuggable="true"
33        android:icon="@mipmap/ic_launcher"
34        android:label="biit_fms" >
35        <activity
36            android:name="com.example.biit_fms.MainActivity"
37            android:configChanges="orientation|keyboardHidden|keyboard|screenSize|smallestScreenSize|locale|layoutDirection|fontScale|screenLayout|density|uiMode"
38            android:exported="true"
39            android:hardwareAccelerated="true"
40            android:launchMode="singleTop"
41            android:theme="@style/LaunchTheme"
42            android:windowSoftInputMode="adjustResize" >
43
44            <!--
45                 Specifies an Android theme to apply to this Activity as soon as
46                 the Android process has started. This theme is visible to the user
47                 while the Flutter UI initializes. After that, this theme continues
48                 to determine the Window background behind the Flutter UI.
49            -->
50            <meta-data
51                android:name="io.flutter.embedding.android.NormalTheme"
52                android:resource="@style/NormalTheme" />
53
54            <intent-filter>
55                <action android:name="android.intent.action.MAIN" />
56
57                <category android:name="android.intent.category.LAUNCHER" />
58            </intent-filter>
59        </activity>
60        <!--
61             Don't delete the meta-data below.
62             This is used by the Flutter tool to generate GeneratedPluginRegistrant.java
63        -->
64        <meta-data
65            android:name="flutterEmbedding"
66            android:value="2" />
67
68        <provider
68-->[:open_file] AndroidManifest.xml:12:9-21:20
69            android:name="com.crazecoder.openfile.FileProvider"
69-->[:open_file] AndroidManifest.xml:13:13-64
70            android:authorities="com.example.biit_fms.fileProvider.com.crazecoder.openfile"
70-->[:open_file] AndroidManifest.xml:14:13-88
71            android:exported="false"
71-->[:open_file] AndroidManifest.xml:15:13-37
72            android:grantUriPermissions="true" >
72-->[:open_file] AndroidManifest.xml:16:13-47
73            <meta-data
73-->[:open_file] AndroidManifest.xml:18:13-20:53
74                android:name="android.support.FILE_PROVIDER_PATHS"
74-->[:open_file] AndroidManifest.xml:19:17-67
75                android:resource="@xml/filepaths" />
75-->[:open_file] AndroidManifest.xml:20:17-50
76        </provider>
77    </application>
78
79</manifest>